This is pdfTeX, Version 3.14159265-2.6-1.40.21 (MiKTeX 2.9.7380 64-bit) (preloaded format=pdflatex 2020.5.3)  2 JUN 2020 20:50
entering extended mode
**./РћС‚С‡РµС‚.tex
(РћС‚С‡РµС‚.tex
LaTeX2e <2020-02-02> patch level 5
L3 programming layer <2020-04-06>
("C:\Program Files\MiKTeX 2.9\tex/latex/base\article.cls"
Document Class: article 2019/12/20 v1.4l Standard LaTeX document class
("C:\Program Files\MiKTeX 2.9\tex/latex/base\size10.clo"
File: size10.clo 2019/12/20 v1.4l Standard LaTeX file (size option)
)
\c@part=\count167
\c@section=\count168
\c@subsection=\count169
\c@subsubsection=\count170
\c@paragraph=\count171
\c@subparagraph=\count172
\c@figure=\count173
\c@table=\count174
\abovecaptionskip=\skip47
\belowcaptionskip=\skip48
\bibindent=\dimen134
)
("C:\Program Files\MiKTeX 2.9\tex/latex/tools\indentfirst.sty"
Package: indentfirst 1995/11/23 v1.03 Indent first paragraph (DPC)
)
("C:\Program Files\MiKTeX 2.9\tex/latex/cmap\cmap.sty"
Package: cmap 2008/03/06 v1.0h CMap support: searchable PDF
)
("C:\Program Files\MiKTeX 2.9\tex/generic/babel\babel.sty"
Package: babel 2020/03/22 3.42 The Babel package

("C:\Program Files\MiKTeX 2.9\tex/generic/babel\switch.def"
File: switch.def 2020/03/22 3.42 Babel switching mechanism
)
*************************************
* Local config file bblopts.cfg used
*
("C:\Program Files\MiKTeX 2.9\tex/latex/arabi\bblopts.cfg"
File: bblopts.cfg 2005/09/08 v0.1 add Arabic and Farsi to "declared" options of
 babel
)
("C:\Program Files\MiKTeX 2.9\tex/latex/babel-english\english.ldf"
Language: english 2017/06/06 v3.3r English support from the babel system

("C:\Program Files\MiKTeX 2.9\tex/generic/babel\babel.def"
File: babel.def 2020/03/22 3.42 Babel common definitions
\babel@savecnt=\count175
\U@D=\dimen135

("C:\Program Files\MiKTeX 2.9\tex/generic/babel\txtbabel.def")
\bbl@readstream=\read2
\bbl@dirlevel=\count176
)
Package babel Info: \l@canadian = using hyphenrules for english
(babel)             (\language0) on input line 102.
Package babel Info: \l@australian = using hyphenrules for ukenglish
(babel)             (\language72) on input line 105.
Package babel Info: \l@newzealand = using hyphenrules for ukenglish
(babel)             (\language72) on input line 108.
)
("C:\Program Files\MiKTeX 2.9\tex/latex/babel-russian\russianb.ldf"
Language: russian 2017/08/12 1.3j Russian support for the Babel system


Package babel Warning: No Cyrillic font encoding has been loaded so far.
(babel)                A font encoding should be declared before babel.
(babel)                Default `T2A' encoding will be loaded  on input line 74.


("C:\Program Files\MiKTeX 2.9\tex/latex/cyrillic\t2aenc.def"
File: t2aenc.def 2005/09/27 v1.0i Cyrillic encoding definition file
Now handling font encoding T2A ...
... processing UTF-8 mapping file for font encoding T2A

("C:\Program Files\MiKTeX 2.9\tex/latex/base\t2aenc.dfu"
File: t2aenc.dfu 2019/11/14 v1.2k UTF-8 support for inputenc
   defining Unicode char U+00A4 (decimal 164)
   defining Unicode char U+00A7 (decimal 167)
   defining Unicode char U+00AB (decimal 171)
   defining Unicode char U+00BB (decimal 187)
   defining Unicode char U+0131 (decimal 305)
   defining Unicode char U+0237 (decimal 567)
   defining Unicode char U+0400 (decimal 1024)
   defining Unicode char U+0401 (decimal 1025)
   defining Unicode char U+0402 (decimal 1026)
   defining Unicode char U+0403 (decimal 1027)
   defining Unicode char U+0404 (decimal 1028)
   defining Unicode char U+0405 (decimal 1029)
   defining Unicode char U+0406 (decimal 1030)
   defining Unicode char U+0407 (decimal 1031)
   defining Unicode char U+0408 (decimal 1032)
   defining Unicode char U+0409 (decimal 1033)
   defining Unicode char U+040A (decimal 1034)
   defining Unicode char U+040B (decimal 1035)
   defining Unicode char U+040C (decimal 1036)
   defining Unicode char U+040D (decimal 1037)
   defining Unicode char U+040E (decimal 1038)
   defining Unicode char U+040F (decimal 1039)
   defining Unicode char U+0410 (decimal 1040)
   defining Unicode char U+0411 (decimal 1041)
   defining Unicode char U+0412 (decimal 1042)
   defining Unicode char U+0413 (decimal 1043)
   defining Unicode char U+0414 (decimal 1044)
   defining Unicode char U+0415 (decimal 1045)
   defining Unicode char U+0416 (decimal 1046)
   defining Unicode char U+0417 (decimal 1047)
   defining Unicode char U+0418 (decimal 1048)
   defining Unicode char U+0419 (decimal 1049)
   defining Unicode char U+041A (decimal 1050)
   defining Unicode char U+041B (decimal 1051)
   defining Unicode char U+041C (decimal 1052)
   defining Unicode char U+041D (decimal 1053)
   defining Unicode char U+041E (decimal 1054)
   defining Unicode char U+041F (decimal 1055)
   defining Unicode char U+0420 (decimal 1056)
   defining Unicode char U+0421 (decimal 1057)
   defining Unicode char U+0422 (decimal 1058)
   defining Unicode char U+0423 (decimal 1059)
   defining Unicode char U+0424 (decimal 1060)
   defining Unicode char U+0425 (decimal 1061)
   defining Unicode char U+0426 (decimal 1062)
   defining Unicode char U+0427 (decimal 1063)
   defining Unicode char U+0428 (decimal 1064)
   defining Unicode char U+0429 (decimal 1065)
   defining Unicode char U+042A (decimal 1066)
   defining Unicode char U+042B (decimal 1067)
   defining Unicode char U+042C (decimal 1068)
   defining Unicode char U+042D (decimal 1069)
   defining Unicode char U+042E (decimal 1070)
   defining Unicode char U+042F (decimal 1071)
   defining Unicode char U+0430 (decimal 1072)
   defining Unicode char U+0431 (decimal 1073)
   defining Unicode char U+0432 (decimal 1074)
   defining Unicode char U+0433 (decimal 1075)
   defining Unicode char U+0434 (decimal 1076)
   defining Unicode char U+0435 (decimal 1077)
   defining Unicode char U+0436 (decimal 1078)
   defining Unicode char U+0437 (decimal 1079)
   defining Unicode char U+0438 (decimal 1080)
   defining Unicode char U+0439 (decimal 1081)
   defining Unicode char U+043A (decimal 1082)
   defining Unicode char U+043B (decimal 1083)
   defining Unicode char U+043C (decimal 1084)
   defining Unicode char U+043D (decimal 1085)
   defining Unicode char U+043E (decimal 1086)
   defining Unicode char U+043F (decimal 1087)
   defining Unicode char U+0440 (decimal 1088)
   defining Unicode char U+0441 (decimal 1089)
   defining Unicode char U+0442 (decimal 1090)
   defining Unicode char U+0443 (decimal 1091)
   defining Unicode char U+0444 (decimal 1092)
   defining Unicode char U+0445 (decimal 1093)
   defining Unicode char U+0446 (decimal 1094)
   defining Unicode char U+0447 (decimal 1095)
   defining Unicode char U+0448 (decimal 1096)
   defining Unicode char U+0449 (decimal 1097)
   defining Unicode char U+044A (decimal 1098)
   defining Unicode char U+044B (decimal 1099)
   defining Unicode char U+044C (decimal 1100)
   defining Unicode char U+044D (decimal 1101)
   defining Unicode char U+044E (decimal 1102)
   defining Unicode char U+044F (decimal 1103)
   defining Unicode char U+0450 (decimal 1104)
   defining Unicode char U+0451 (decimal 1105)
   defining Unicode char U+0452 (decimal 1106)
   defining Unicode char U+0453 (decimal 1107)
   defining Unicode char U+0454 (decimal 1108)
   defining Unicode char U+0455 (decimal 1109)
   defining Unicode char U+0456 (decimal 1110)
   defining Unicode char U+0457 (decimal 1111)
   defining Unicode char U+0458 (decimal 1112)
   defining Unicode char U+0459 (decimal 1113)
   defining Unicode char U+045A (decimal 1114)
   defining Unicode char U+045B (decimal 1115)
   defining Unicode char U+045C (decimal 1116)
   defining Unicode char U+045D (decimal 1117)
   defining Unicode char U+045E (decimal 1118)
   defining Unicode char U+045F (decimal 1119)
   defining Unicode char U+0490 (decimal 1168)
   defining Unicode char U+0491 (decimal 1169)
   defining Unicode char U+0492 (decimal 1170)
   defining Unicode char U+0493 (decimal 1171)
   defining Unicode char U+0496 (decimal 1174)
   defining Unicode char U+0497 (decimal 1175)
   defining Unicode char U+0498 (decimal 1176)
   defining Unicode char U+0499 (decimal 1177)
   defining Unicode char U+049A (decimal 1178)
   defining Unicode char U+049B (decimal 1179)
   defining Unicode char U+049C (decimal 1180)
   defining Unicode char U+049D (decimal 1181)
   defining Unicode char U+04A0 (decimal 1184)
   defining Unicode char U+04A1 (decimal 1185)
   defining Unicode char U+04A2 (decimal 1186)
   defining Unicode char U+04A3 (decimal 1187)
   defining Unicode char U+04A4 (decimal 1188)
   defining Unicode char U+04A5 (decimal 1189)
   defining Unicode char U+04AA (decimal 1194)
   defining Unicode char U+04AB (decimal 1195)
   defining Unicode char U+04AE (decimal 1198)
   defining Unicode char U+04AF (decimal 1199)
   defining Unicode char U+04B0 (decimal 1200)
   defining Unicode char U+04B1 (decimal 1201)
   defining Unicode char U+04B2 (decimal 1202)
   defining Unicode char U+04B3 (decimal 1203)
   defining Unicode char U+04B6 (decimal 1206)
   defining Unicode char U+04B7 (decimal 1207)
   defining Unicode char U+04B8 (decimal 1208)
   defining Unicode char U+04B9 (decimal 1209)
   defining Unicode char U+04BA (decimal 1210)
   defining Unicode char U+04BB (decimal 1211)
   defining Unicode char U+04C0 (decimal 1216)
   defining Unicode char U+04C1 (decimal 1217)
   defining Unicode char U+04C2 (decimal 1218)
   defining Unicode char U+04D0 (decimal 1232)
   defining Unicode char U+04D1 (decimal 1233)
   defining Unicode char U+04D2 (decimal 1234)
   defining Unicode char U+04D3 (decimal 1235)
   defining Unicode char U+04D4 (decimal 1236)
   defining Unicode char U+04D5 (decimal 1237)
   defining Unicode char U+04D6 (decimal 1238)
   defining Unicode char U+04D7 (decimal 1239)
   defining Unicode char U+04D8 (decimal 1240)
   defining Unicode char U+04D9 (decimal 1241)
   defining Unicode char U+04DA (decimal 1242)
   defining Unicode char U+04DB (decimal 1243)
   defining Unicode char U+04DC (decimal 1244)
   defining Unicode char U+04DD (decimal 1245)
   defining Unicode char U+04DE (decimal 1246)
   defining Unicode char U+04DF (decimal 1247)
   defining Unicode char U+04E2 (decimal 1250)
   defining Unicode char U+04E3 (decimal 1251)
   defining Unicode char U+04E4 (decimal 1252)
   defining Unicode char U+04E5 (decimal 1253)
   defining Unicode char U+04E6 (decimal 1254)
   defining Unicode char U+04E7 (decimal 1255)
   defining Unicode char U+04E8 (decimal 1256)
   defining Unicode char U+04E9 (decimal 1257)
   defining Unicode char U+04EC (decimal 1260)
   defining Unicode char U+04ED (decimal 1261)
   defining Unicode char U+04EE (decimal 1262)
   defining Unicode char U+04EF (decimal 1263)
   defining Unicode char U+04F0 (decimal 1264)
   defining Unicode char U+04F1 (decimal 1265)
   defining Unicode char U+04F2 (decimal 1266)
   defining Unicode char U+04F3 (decimal 1267)
   defining Unicode char U+04F4 (decimal 1268)
   defining Unicode char U+04F5 (decimal 1269)
   defining Unicode char U+04F8 (decimal 1272)
   defining Unicode char U+04F9 (decimal 1273)
   defining Unicode char U+200C (decimal 8204)
   defining Unicode char U+2013 (decimal 8211)
   defining Unicode char U+2014 (decimal 8212)
   defining Unicode char U+2018 (decimal 8216)
   defining Unicode char U+2019 (decimal 8217)
   defining Unicode char U+201C (decimal 8220)
   defining Unicode char U+201D (decimal 8221)
   defining Unicode char U+201E (decimal 8222)
   defining Unicode char U+2030 (decimal 8240)
   defining Unicode char U+2031 (decimal 8241)
   defining Unicode char U+2116 (decimal 8470)
   defining Unicode char U+2329 (decimal 9001)
   defining Unicode char U+232A (decimal 9002)
   defining Unicode char U+2423 (decimal 9251)
   defining Unicode char U+27E8 (decimal 10216)
   defining Unicode char U+27E9 (decimal 10217)
   defining Unicode char U+FB00 (decimal 64256)
   defining Unicode char U+FB01 (decimal 64257)
   defining Unicode char U+FB02 (decimal 64258)
   defining Unicode char U+FB03 (decimal 64259)
   defining Unicode char U+FB04 (decimal 64260)
   defining Unicode char U+FB05 (decimal 64261)
   defining Unicode char U+FB06 (decimal 64262)
))
Package babel Info: Making " an active character on input line 120.
Package babel Info: Default for \cyrdash is provided on input line 157.
))
("C:\Program Files\MiKTeX 2.9\tex/latex/amsmath\amsmath.sty"
Package: amsmath 2020/01/20 v2.17e AMS math features
\@mathmargin=\skip49

For additional information on amsmath, use the `?' option.
("C:\Program Files\MiKTeX 2.9\tex/latex/amsmath\amstext.sty"
Package: amstext 2000/06/29 v2.01 AMS text

("C:\Program Files\MiKTeX 2.9\tex/latex/amsmath\amsgen.sty"
File: amsgen.sty 1999/11/30 v2.0 generic functions
\@emptytoks=\toks15
\ex@=\dimen136
))
("C:\Program Files\MiKTeX 2.9\tex/latex/amsmath\amsbsy.sty"
Package: amsbsy 1999/11/29 v1.2d Bold Symbols
\pmbraise@=\dimen137
)
("C:\Program Files\MiKTeX 2.9\tex/latex/amsmath\amsopn.sty"
Package: amsopn 2016/03/08 v2.02 operator names
)
\inf@bad=\count177
LaTeX Info: Redefining \frac on input line 227.
\uproot@=\count178
\leftroot@=\count179
LaTeX Info: Redefining \overline on input line 389.
\classnum@=\count180
\DOTSCASE@=\count181
LaTeX Info: Redefining \ldots on input line 486.
LaTeX Info: Redefining \dots on input line 489.
LaTeX Info: Redefining \cdots on input line 610.
\Mathstrutbox@=\box45
\strutbox@=\box46
\big@size=\dimen138
LaTeX Font Info:    Redeclaring font encoding OML on input line 733.
LaTeX Font Info:    Redeclaring font encoding OMS on input line 734.
\macc@depth=\count182
\c@MaxMatrixCols=\count183
\dotsspace@=\muskip16
\c@parentequation=\count184
\dspbrk@lvl=\count185
\tag@help=\toks16
\row@=\count186
\column@=\count187
\maxfields@=\count188
\andhelp@=\toks17
\eqnshift@=\dimen139
\alignsep@=\dimen140
\tagshift@=\dimen141
\tagwidth@=\dimen142
\totwidth@=\dimen143
\lineht@=\dimen144
\@envbody=\toks18
\multlinegap=\skip50
\multlinetaggap=\skip51
\mathdisplay@stack=\toks19
LaTeX Info: Redefining \[ on input line 2859.
LaTeX Info: Redefining \] on input line 2860.
)
("C:\Program Files\MiKTeX 2.9\tex/latex/amsfonts\amsfonts.sty"
Package: amsfonts 2013/01/14 v3.01 Basic AMSFonts support
\symAMSa=\mathgroup4
\symAMSb=\mathgroup5
LaTeX Font Info:    Redeclaring math symbol \hbar on input line 98.
LaTeX Font Info:    Overwriting math alphabet `\mathfrak' in version `bold'
(Font)                  U/euf/m/n --> U/euf/b/n on input line 106.
)
("C:\Program Files\MiKTeX 2.9\tex/latex/amsfonts\amssymb.sty"
Package: amssymb 2013/01/14 v3.01 AMS font symbols
)
("C:\Program Files\MiKTeX 2.9\tex/latex/amscls\amsthm.sty"
Package: amsthm 2017/10/31 v2.20.4
\thm@style=\toks20
\thm@bodyfont=\toks21
\thm@headfont=\toks22
\thm@notefont=\toks23
\thm@headpunct=\toks24
\thm@preskip=\skip52
\thm@postskip=\skip53
\thm@headsep=\skip54
\dth@everypar=\toks25
)
("C:\Program Files\MiKTeX 2.9\tex/latex/mathtools\mathtools.sty"
Package: mathtools 2020/03/24 v1.24 mathematical typesetting tools

("C:\Program Files\MiKTeX 2.9\tex/latex/graphics\keyval.sty"
Package: keyval 2014/10/28 v1.15 key=value parser (DPC)
\KV@toks@=\toks26
)
("C:\Program Files\MiKTeX 2.9\tex/latex/tools\calc.sty"
Package: calc 2017/05/25 v4.3 Infix arithmetic (KKT,FJ)
\calc@Acount=\count189
\calc@Bcount=\count190
\calc@Adimen=\dimen145
\calc@Bdimen=\dimen146
\calc@Askip=\skip55
\calc@Bskip=\skip56
LaTeX Info: Redefining \setlength on input line 80.
LaTeX Info: Redefining \addtolength on input line 81.
\calc@Ccount=\count191
\calc@Cskip=\skip57
)
("C:\Program Files\MiKTeX 2.9\tex/latex/mathtools\mhsetup.sty"
Package: mhsetup 2017/03/31 v1.3 programming setup (MH)
)
LaTeX Info: Thecontrolsequence`\('isalreadyrobust on input line 130.
LaTeX Info: Thecontrolsequence`\)'isalreadyrobust on input line 130.
LaTeX Info: Thecontrolsequence`\['isalreadyrobust on input line 130.
LaTeX Info: Thecontrolsequence`\]'isalreadyrobust on input line 130.
\g_MT_multlinerow_int=\count192
\l_MT_multwidth_dim=\dimen147
\origjot=\skip58
\l_MT_shortvdotswithinadjustabove_dim=\dimen148
\l_MT_shortvdotswithinadjustbelow_dim=\dimen149
\l_MT_above_intertext_sep=\dimen150
\l_MT_below_intertext_sep=\dimen151
\l_MT_above_shortintertext_sep=\dimen152
\l_MT_below_shortintertext_sep=\dimen153
\xmathstrut@box=\box47
\xmathstrut@dim=\dimen154
)
("C:\Program Files\MiKTeX 2.9\tex/latex/was\icomma.sty"
Package: icomma 2002/03/10 v2.0 (WaS)
)
("C:\Program Files\MiKTeX 2.9\tex/latex/jknappen\mathrsfs.sty"
Package: mathrsfs 1996/01/01 Math RSFS package v1.0 (jk)
\symrsfs=\mathgroup6
)
("C:\Program Files\MiKTeX 2.9\tex/latex/graphics\graphicx.sty"
Package: graphicx 2019/11/30 v1.2a Enhanced LaTeX Graphics (DPC,SPQR)

("C:\Program Files\MiKTeX 2.9\tex/latex/graphics\graphics.sty"
Package: graphics 2019/11/30 v1.4a Standard LaTeX Graphics (DPC,SPQR)

("C:\Program Files\MiKTeX 2.9\tex/latex/graphics\trig.sty"
Package: trig 2016/01/03 v1.10 sin cos tan (DPC)
)
("C:\Program Files\MiKTeX 2.9\tex/latex/graphics-cfg\graphics.cfg"
File: graphics.cfg 2016/06/04 v1.11 sample graphics configuration
)
Package graphics Info: Driver file: pdftex.def on input line 105.

("C:\Program Files\MiKTeX 2.9\tex/latex/graphics-def\pdftex.def"
File: pdftex.def 2018/01/08 v1.0l Graphics/color driver for pdftex
))
\Gin@req@height=\dimen155
\Gin@req@width=\dimen156
)
("C:\Program Files\MiKTeX 2.9\tex/latex/was\upgreek.sty"
Package: upgreek 2003/02/12 v2.0 (WaS)
Package upgreek Info: Using Euler Roman for upright Greek on input line 31.
\symugrf@m=\mathgroup7
LaTeX Font Info:    Overwriting symbol font `ugrf@m' in version `bold'
(Font)                  U/eur/m/n --> U/eur/b/n on input line 38.
)
("C:\Program Files\MiKTeX 2.9\tex/latex/l3backend\l3backend-pdfmode.def"
File: l3backend-pdfmode.def 2020-03-12 L3 backend support: PDF mode
\l__kernel_color_stack_int=\count193
\l__pdf_internal_box=\box48
)
(РћС‚С‡РµС‚.aux
LaTeX Font Info:    Trying to load font information for T2A+cmr on input line 4
.
 ("C:\Program Files\MiKTeX 2.9\tex/latex/cyrillic\t2acmr.fd"
File: t2acmr.fd 2001/08/11 v1.0a Computer Modern Cyrillic font definitions
)<<t2a.cmap>>

LaTeX Warning: Label `inertz' multiply defined.


LaTeX Warning: Label `PZ' multiply defined.

)
\openout1 = `РћС‚С‡РµС‚.aux'.

LaTeX Font Info:    Checking defaults for OML/cmm/m/it on input line 23.
LaTeX Font Info:    ... okay on input line 23.
LaTeX Font Info:    Checking defaults for OMS/cmsy/m/n on input line 23.
LaTeX Font Info:    ... okay on input line 23.
LaTeX Font Info:    Checking defaults for OT1/cmr/m/n on input line 23.
LaTeX Font Info:    ... okay on input line 23.
LaTeX Font Info:    Checking defaults for T1/cmr/m/n on input line 23.
LaTeX Font Info:    ... okay on input line 23.
LaTeX Font Info:    Checking defaults for TS1/cmr/m/n on input line 23.
LaTeX Font Info:    ... okay on input line 23.
LaTeX Font Info:    Checking defaults for OMX/cmex/m/n on input line 23.
LaTeX Font Info:    ... okay on input line 23.
LaTeX Font Info:    Checking defaults for U/cmr/m/n on input line 23.
LaTeX Font Info:    ... okay on input line 23.
LaTeX Font Info:    Checking defaults for T2A/cmr/m/n on input line 23.
LaTeX Font Info:    ... okay on input line 23.
 ("C:\Program Files\MiKTeX 2.9\tex/context/base/mkii\supp-pdf.mkii"
[Loading MPS to PDF converter (version 2006.09.02).]
\scratchcounter=\count194
\scratchdimen=\dimen157
\scratchbox=\box49
\nofMPsegments=\count195
\nofMParguments=\count196
\everyMPshowfont=\toks27
\MPscratchCnt=\count197
\MPscratchDim=\dimen158
\MPnumerator=\count198
\makeMPintoPDFobject=\count199
\everyMPtoPDFconversion=\toks28
) ("C:\Program Files\MiKTeX 2.9\tex/latex/epstopdf-pkg\epstopdf-base.sty"
Package: epstopdf-base 2020-01-24 v2.11 Base part for package epstopdf
Package epstopdf-base Info: Redefining graphics rule for `.eps' on input line 4
85.
)
Underfull \hbox (badness 10000) in paragraph at lines 57--59

 []


Underfull \hbox (badness 10000) in paragraph at lines 57--59

 []

<<ot1.cmap>><<oml.cmap>><<oms.cmap>><<omx.cmap>>
LaTeX Font Info:    Trying to load font information for U+msa on input line 61.


("C:\Program Files\MiKTeX 2.9\tex/latex/amsfonts\umsa.fd"
File: umsa.fd 2013/01/14 v3.01 AMS symbols A
)
LaTeX Font Info:    Trying to load font information for U+msb on input line 61.


("C:\Program Files\MiKTeX 2.9\tex/latex/amsfonts\umsb.fd"
File: umsb.fd 2013/01/14 v3.01 AMS symbols B
)
LaTeX Font Info:    Trying to load font information for U+rsfs on input line 61
.

("C:\Program Files\MiKTeX 2.9\tex/latex/jknappen\ursfs.fd"
File: ursfs.fd 1998/03/24 rsfs font definition file (jk)
)
Overfull \hbox (55.51897pt too wide) in paragraph at lines 61--71
[][] 
 []


Underfull \hbox (badness 10000) in paragraph at lines 61--71

 []


Underfull \hbox (badness 10000) in paragraph at lines 61--71

 []


Underfull \hbox (badness 10000) in paragraph at lines 61--71

 []

(РћС‚С‡РµС‚.toc [1

{C:/Users/lenaw/AppData/Local/MiKTeX/2.9/pdftex/config/pdftex.map}])
\tf@toc=\write3
\openout3 = `РћС‚С‡РµС‚.toc'.

 [2]
Overfull \hbox (0.61371pt too wide) in paragraph at lines 88--89
[]\T2A/cmr/m/n/10 Для каж-до-го эта-па бы-ла по-лу-че-на со-от-вет-ству-ю-щая н
аучно-техническая
 []

[3]
Overfull \hbox (2.03003pt too wide) in paragraph at lines 112--113
[]\T2A/cmr/m/n/10 -График уг-ла ме-ста соб-ствен-но-го спут-ни-ка от вре-ме-ни 
по дан-ным Trimble
 []

<rtknavi.png, id=20, 40.85413pt x 46.38223pt>
File: rtknavi.png Graphic file (type png)
<use rtknavi.png>
Package pdftex.def Info: rtknavi.png  used on input line 125.
(pdftex.def)             Requested size: 40.854pt x 46.38211pt.

Overfull \hbox (8.59567pt too wide) in paragraph at lines 130--131
[]\T2A/cmr/m/n/10 В от-крыв-шем-ся окне про-грам-мы ме-ня-ем фор-мат вре-ме-ни 
на GPST (рис.2[]).
 []

<interf_rtknavi.png, id=22, 341.93417pt x 170.02327pt>
File: interf_rtknavi.png Graphic file (type png)
<use interf_rtknavi.png>
Package pdftex.def Info: interf_rtknavi.png  used on input line 133.
(pdftex.def)             Requested size: 239.35228pt x 119.01546pt.

LaTeX Warning: `!h' float specifier changed to `!ht'.

<interf_rtknavi_2.png, id=23, 281.24512pt x 152.37488pt>
File: interf_rtknavi_2.png Graphic file (type png)
<use interf_rtknavi_2.png>
Package pdftex.def Info: interf_rtknavi_2.png  used on input line 139.
(pdftex.def)             Requested size: 196.87022pt x 106.66168pt.

LaTeX Warning: `!h' float specifier changed to `!ht'.

<efem.png, id=24, 435.3761pt x 176.55493pt>
File: efem.png Graphic file (type png)
<use efem.png>
Package pdftex.def Info: efem.png  used on input line 147.
(pdftex.def)             Requested size: 304.76118pt x 123.5876pt.

LaTeX Warning: `!h' float specifier changed to `!ht'.

[4 <./rtknavi.png>]
<rtkconv.png, id=30, 41.741pt x 45.79352pt>
File: rtkconv.png Graphic file (type png)
<use rtkconv.png>
Package pdftex.def Info: rtkconv.png  used on input line 156.
(pdftex.def)             Requested size: 41.74088pt x 45.7934pt.


LaTeX Warning: `!h' float specifier changed to `!ht'.

<interf_rtkconv.png, id=31, 441.86014pt x 186.55116pt>
File: interf_rtkconv.png Graphic file (type png)
<use interf_rtkconv.png>
Package pdftex.def Info: interf_rtkconv.png  used on input line 166.
(pdftex.def)             Requested size: 309.29999pt x 130.5849pt.
<efem_2.png, id=32, 319.47392pt x 224.23962pt>
File: efem_2.png Graphic file (type png)
<use efem_2.png>
Package pdftex.def Info: efem_2.png  used on input line 172.
(pdftex.def)             Requested size: 223.6302pt x 156.96666pt.
[5 <./interf_rtknavi.png> <./interf_rtknavi_2.png> <./efem.png>]
Overfull \hbox (68.26385pt too wide) in paragraph at lines 178--179
[]\T2A/cmr/m/n/10 Для то-го что бы по-лу-чить Sky View нуж-но зай-ти на сайт ht
tps://www.gnssplanning.com/
 []

[6 <./rtkconv.png> <./interf_rtkconv.png> <./efem_2.png>]
<gnss.png, id=45, 414.8433pt x 41.20065pt>
File: gnss.png Graphic file (type png)
<use gnss.png>
Package pdftex.def Info: gnss.png  used on input line 182.
(pdftex.def)             Requested size: 290.38832pt x 28.84024pt.
<gnss_2.png, id=46, 410.52061pt x 33.09561pt>
File: gnss_2.png Graphic file (type png)
<use gnss_2.png>
Package pdftex.def Info: gnss_2.png  used on input line 208.
(pdftex.def)             Requested size: 287.36246pt x 23.16675pt.
<gnss_3.png, id=47, 386.07039pt x 36.60779pt>
File: gnss_3.png Graphic file (type png)
<use gnss_3.png>
Package pdftex.def Info: gnss_3.png  used on input line 216.
(pdftex.def)             Requested size: 270.2474pt x 25.62527pt.
<skyv_1.png, id=48, 326.4983pt x 287.86424pt>
File: skyv_1.png Graphic file (type png)
<use skyv_1.png>
Package pdftex.def Info: skyv_1.png  used on input line 224.
(pdftex.def)             Requested size: 261.19899pt x 230.2917pt.


LaTeX Warning: `!h' float specifier changed to `!ht'.

<skyv_2.png, id=49, 329.60524pt x 288.94492pt>
File: skyv_2.png Graphic file (type png)
<use skyv_2.png>
Package pdftex.def Info: skyv_2.png  used on input line 230.
(pdftex.def)             Requested size: 263.68452pt x 231.15623pt.

LaTeX Warning: `!h' float specifier changed to `!ht'.

[7 <./gnss.png> <./gnss_2.png> <./gnss_3.png>]

LaTeX Warning: Text page 8 contains only floats.

[8 <./skyv_1.png> <./skyv_2.png>]
<pic/1.png, id=63, 297.61188pt x 115.43124pt>
File: pic/1.png Graphic file (type png)
<use pic/1.png>
Package pdftex.def Info: pic/1.png  used on input line 264.
(pdftex.def)             Requested size: 208.32689pt x 80.80132pt.
<pic/2.png, id=64, 376.90813pt x 320.69812pt>
File: pic/2.png Graphic file (type png)
<use pic/2.png>
Package pdftex.def Info: pic/2.png  used on input line 273.
(pdftex.def)             Requested size: 150.76057pt x 128.27696pt.


LaTeX Warning: `!h' float specifier changed to `!ht'.


Overfull \hbox (5.19592pt too wide) in paragraph at lines 279--280
[]\T2A/cmr/m/n/10 При этом в ка-че-стве ин-те-гри-ру-е-мой функ-ции бе-рут-ся в
ы-ра-же-ния с рис.15[].
 []

<pic/3.png, id=65, 298.61563pt x 212.795pt>
File: pic/3.png Graphic file (type png)
<use pic/3.png>
Package pdftex.def Info: pic/3.png  used on input line 284.
(pdftex.def)             Requested size: 209.02951pt x 148.95547pt.

LaTeX Warning: `!h' float specifier changed to `!ht'.

<pic/4.png, id=66, 461.725pt x 85.31876pt>
File: pic/4.png Graphic file (type png)
<use pic/4.png>
Package pdftex.def Info: pic/4.png  used on input line 291.
(pdftex.def)             Requested size: 369.38051pt x 68.25508pt.

Overfull \hbox (24.38051pt too wide) in paragraph at lines 291--292
 [][] 
 []


LaTeX Warning: `!h' float specifier changed to `!ht'.

[9 <./pic/1.png>] [10 <./pic/2.png> <./pic/3.png> <./pic/4.png>]
<pic/5.png, id=73, 480.29437pt x 323.70938pt>
File: pic/5.png Graphic file (type png)
<use pic/5.png>
Package pdftex.def Info: pic/5.png  used on input line 317.
(pdftex.def)             Requested size: 240.14659pt x 161.8543pt.
 [11 <./pic/5.png>]
<pic/inirtz.jpg, id=82, 843.15pt x 632.3625pt>
File: pic/inirtz.jpg Graphic file (type jpg)
<use pic/inirtz.jpg>
Package pdftex.def Info: pic/inirtz.jpg  used on input line 353.
(pdftex.def)             Requested size: 337.25401pt x 252.94052pt.
<PZ90.png, id=83, 632.3625pt x 474.27188pt>
File: PZ90.png Graphic file (type png)
<use PZ90.png>
Package pdftex.def Info: PZ90.png  used on input line 360.
(pdftex.def)             Requested size: 252.94052pt x 189.70538pt.


LaTeX Warning: `!h' float specifier changed to `!ht'.

<pic/WGS.jpg, id=84, 843.15pt x 632.3625pt>
File: pic/WGS.jpg Graphic file (type jpg)
<use pic/WGS.jpg>
Package pdftex.def Info: pic/WGS.jpg  used on input line 367.
(pdftex.def)             Requested size: 337.25401pt x 252.94052pt.

LaTeX Warning: `!h' float specifier changed to `!ht'.

<pic/skyv.jpg, id=85, 843.15pt x 632.3625pt>
File: pic/skyv.jpg Graphic file (type jpg)
<use pic/skyv.jpg>
Package pdftex.def Info: pic/skyv.jpg  used on input line 374.
(pdftex.def)             Requested size: 337.25401pt x 252.94052pt.

LaTeX Warning: `!h' float specifier changed to `!ht'.

[12 <./pic/inirtz.jpg>]
Overfull \vbox (6.9906pt too high) has occurred while \output is active []


[13 <./PZ90.png (PNG copy)> <./pic/WGS.jpg>] [14 <./pic/skyv.jpg>] [15]
[16]
<inertz.png, id=102, 632.3625pt x 474.27188pt>
File: inertz.png Graphic file (type png)
<use inertz.png>
Package pdftex.def Info: inertz.png  used on input line 460.
(pdftex.def)             Requested size: 252.94052pt x 189.70538pt.
File: PZ90.png Graphic file (type png)
<use PZ90.png>
Package pdftex.def Info: PZ90.png  used on input line 467.
(pdftex.def)             Requested size: 252.94052pt x 189.70538pt.
 [17 <./inertz.png (PNG copy)>] [18] [19] [20] (РћС‚С‡РµС‚.aux)

LaTeX Warning: There were multiply-defined labels.

 ) 
Here is how much of TeX's memory you used:
 4557 strings out of 480930
 60233 string characters out of 2909548
 306076 words of memory out of 3000000
 20323 multiletter control sequences out of 15000+200000
 540575 words of font info for 45 fonts, out of 3000000 for 9000
 1141 hyphenation exceptions out of 8191
 30i,9n,27p,1054b,244s stack positions out of 5000i,500n,10000p,200000b,50000s
 <C:\Users\lenaw\AppData\Local\MiKTeX\2.9\fonts/pk/ljfour/jknappen/ec/dpi600\
tcrm1000.pk> <C:\Users\lenaw\AppData\Local\MiKTeX\2.9\fonts/pk/ljfour/lh/lh-t2a
/dpi600\labx1200.pk> <C:\Users\lenaw\AppData\Local\MiKTeX\2.9\fonts/pk/ljfour/l
h/lh-t2a/dpi600\labx1000.pk> <C:\Users\lenaw\AppData\Local\MiKTeX\2.9\fonts/pk/
ljfour/lh/lh-t2a/dpi600\labx1440.pk> <C:\Users\lenaw\AppData\Local\MiKTeX\2.9\f
onts/pk/ljfour/lh/lh-t2a/dpi600\larm1000.pk> <C:\Users\lenaw\AppData\Local\MiKT
eX\2.9\fonts/pk/ljfour/lh/lh-t2a/dpi600\larm1200.pk><C:/Program Files/MiKTeX 2.
9/fonts/type1/public/amsfonts/cm/cmmi10.pfb><C:/Program Files/MiKTeX 2.9/fonts/
type1/public/amsfonts/cm/cmmi7.pfb><C:/Program Files/MiKTeX 2.9/fonts/type1/pub
lic/amsfonts/cm/cmr10.pfb><C:/Program Files/MiKTeX 2.9/fonts/type1/public/amsfo
nts/cm/cmr7.pfb><C:/Program Files/MiKTeX 2.9/fonts/type1/public/amsfonts/cm/cms
y7.pfb>
Output written on РћС‚С‡РµС‚.pdf (20 pages, 11960200 bytes).
PDF statistics:
 460 PDF objects out of 1000 (max. 8388607)
 0 named destinations out of 1000 (max. 500000)
 131 words of extra memory for PDF output out of 10000 (max. 10000000)

